2021-06-27 17:07:38.804 [main] INFO  com.glut.eduservice.EduApplication - Starting EduApplication on DESKTOP-2O9K8UE with PID 5812 (D:\project_IDEA\guli_parent\service\service_edu\target\classes started by 张鹏瑞 in D:\project_IDEA\guli_parent)
2021-06-27 17:07:38.814 [main] INFO  com.glut.eduservice.EduApplication - The following profiles are active: dev
2021-06-27 17:07:40.470 [main] INFO  o.s.d.r.config.RepositoryConfigurationDelegate - Multiple Spring Data modules found, entering strict repository configuration mode!
2021-06-27 17:07:40.476 [main] INFO  o.s.d.r.config.RepositoryConfigurationDelegate - Bootstrapping Spring Data repositories in DEFAULT mode.
2021-06-27 17:07:40.515 [main] INFO  o.s.d.r.config.RepositoryConfigurationDelegate - Finished Spring Data repository scanning in 17ms. Found 0 repository interfaces.
2021-06-27 17:07:40.997 [main] INFO  o.s.c.s.PostProcessorRegistrationDelegate$BeanPostProcessorChecker - Bean 'org.springframework.transaction.annotation.ProxyTransactionManagementConfiguration' of type [org.springframework.transaction.annotation.ProxyTransactionManagementConfiguration] is not eligible for getting processed by all BeanPostProcessors (for example: not eligible for auto-proxying)
2021-06-27 17:07:41.437 [main] INFO  o.s.boot.web.embedded.tomcat.TomcatWebServer - Tomcat initialized with port(s): 8001 (http)
2021-06-27 17:07:41.452 [main] INFO  org.apache.coyote.http11.Http11NioProtocol - Initializing ProtocolHandler ["http-nio-8001"]
2021-06-27 17:07:41.453 [main] INFO  org.apache.catalina.core.StandardService - Starting service [Tomcat]
2021-06-27 17:07:41.454 [main] INFO  org.apache.catalina.core.StandardEngine - Starting Servlet engine: [Apache Tomcat/9.0.27]
2021-06-27 17:07:41.648 [main] INFO  o.a.c.core.ContainerBase.[Tomcat].[localhost].[/] - Initializing Spring embedded WebApplicationContext
2021-06-27 17:07:41.649 [main] INFO  org.springframework.web.context.ContextLoader - Root WebApplicationContext: initialization completed in 2723 ms
2021-06-27 17:07:41.959 [main] INFO  com.zaxxer.hikari.HikariDataSource - HikariPool-1 - Starting...
2021-06-27 17:07:43.171 [main] INFO  com.zaxxer.hikari.HikariDataSource - HikariPool-1 - Start completed.
2021-06-27 17:07:44.094 [main] INFO  s.d.s.w.PropertySourcedRequestMappingHandlerMapping - Mapped URL path [/v2/api-docs] onto method [springfox.documentation.swagger2.web.Swagger2Controller#getDocumentation(String, HttpServletRequest)]
2021-06-27 17:07:44.270 [main] INFO  o.s.scheduling.concurrent.ThreadPoolTaskExecutor - Initializing ExecutorService 'applicationTaskExecutor'
2021-06-27 17:07:44.982 [main] INFO  s.d.s.web.plugins.DocumentationPluginsBootstrapper - Context refreshed
2021-06-27 17:07:45.008 [main] INFO  s.d.s.web.plugins.DocumentationPluginsBootstrapper - Found 1 custom documentation plugin(s)
2021-06-27 17:07:45.068 [main] INFO  s.d.spring.web.scanners.ApiListingReferenceScanner - Scanning for api listing references
2021-06-27 17:07:45.395 [main] INFO  org.apache.coyote.http11.Http11NioProtocol - Starting ProtocolHandler ["http-nio-8001"]
2021-06-27 17:07:45.437 [main] INFO  o.s.boot.web.embedded.tomcat.TomcatWebServer - Tomcat started on port(s): 8001 (http) with context path ''
2021-06-27 17:07:45.446 [main] INFO  com.glut.eduservice.EduApplication - Started EduApplication in 8.282 seconds (JVM running for 11.636)
2021-06-27 17:15:38.367 [main] INFO  com.glut.eduservice.EduApplication - Starting EduApplication on DESKTOP-2O9K8UE with PID 496 (D:\project_IDEA\guli_parent\service\service_edu\target\classes started by 张鹏瑞 in D:\project_IDEA\guli_parent)
2021-06-27 17:15:38.371 [main] INFO  com.glut.eduservice.EduApplication - The following profiles are active: dev
2021-06-27 17:15:39.966 [main] INFO  o.s.d.r.config.RepositoryConfigurationDelegate - Multiple Spring Data modules found, entering strict repository configuration mode!
2021-06-27 17:15:39.971 [main] INFO  o.s.d.r.config.RepositoryConfigurationDelegate - Bootstrapping Spring Data repositories in DEFAULT mode.
2021-06-27 17:15:40.010 [main] INFO  o.s.d.r.config.RepositoryConfigurationDelegate - Finished Spring Data repository scanning in 14ms. Found 0 repository interfaces.
2021-06-27 17:15:40.462 [main] INFO  o.s.c.s.PostProcessorRegistrationDelegate$BeanPostProcessorChecker - Bean 'org.springframework.transaction.annotation.ProxyTransactionManagementConfiguration' of type [org.springframework.transaction.annotation.ProxyTransactionManagementConfiguration] is not eligible for getting processed by all BeanPostProcessors (for example: not eligible for auto-proxying)
2021-06-27 17:15:40.855 [main] INFO  o.s.boot.web.embedded.tomcat.TomcatWebServer - Tomcat initialized with port(s): 8001 (http)
2021-06-27 17:15:40.876 [main] INFO  org.apache.coyote.http11.Http11NioProtocol - Initializing ProtocolHandler ["http-nio-8001"]
2021-06-27 17:15:40.878 [main] INFO  org.apache.catalina.core.StandardService - Starting service [Tomcat]
2021-06-27 17:15:40.883 [main] INFO  org.apache.catalina.core.StandardEngine - Starting Servlet engine: [Apache Tomcat/9.0.27]
2021-06-27 17:15:41.104 [main] INFO  o.a.c.core.ContainerBase.[Tomcat].[localhost].[/] - Initializing Spring embedded WebApplicationContext
2021-06-27 17:15:41.105 [main] INFO  org.springframework.web.context.ContextLoader - Root WebApplicationContext: initialization completed in 2524 ms
2021-06-27 17:15:41.423 [main] INFO  com.zaxxer.hikari.HikariDataSource - HikariPool-1 - Starting...
2021-06-27 17:15:42.653 [main] INFO  com.zaxxer.hikari.HikariDataSource - HikariPool-1 - Start completed.
2021-06-27 17:15:43.701 [main] INFO  s.d.s.w.PropertySourcedRequestMappingHandlerMapping - Mapped URL path [/v2/api-docs] onto method [springfox.documentation.swagger2.web.Swagger2Controller#getDocumentation(String, HttpServletRequest)]
2021-06-27 17:15:43.899 [main] INFO  o.s.scheduling.concurrent.ThreadPoolTaskExecutor - Initializing ExecutorService 'applicationTaskExecutor'
2021-06-27 17:15:44.850 [main] INFO  s.d.s.web.plugins.DocumentationPluginsBootstrapper - Context refreshed
2021-06-27 17:15:44.872 [main] INFO  s.d.s.web.plugins.DocumentationPluginsBootstrapper - Found 1 custom documentation plugin(s)
2021-06-27 17:15:44.923 [main] INFO  s.d.spring.web.scanners.ApiListingReferenceScanner - Scanning for api listing references
2021-06-27 17:15:45.266 [main] INFO  org.apache.coyote.http11.Http11NioProtocol - Starting ProtocolHandler ["http-nio-8001"]
2021-06-27 17:15:45.307 [main] INFO  o.s.boot.web.embedded.tomcat.TomcatWebServer - Tomcat started on port(s): 8001 (http) with context path ''
2021-06-27 17:15:45.312 [main] INFO  com.glut.eduservice.EduApplication - Started EduApplication in 8.246 seconds (JVM running for 10.644)
2021-06-27 17:16:04.490 [http-nio-8001-exec-1] INFO  o.a.c.core.ContainerBase.[Tomcat].[localhost].[/] - Initializing Spring DispatcherServlet 'dispatcherServlet'
2021-06-27 17:16:04.490 [http-nio-8001-exec-1] INFO  org.springframework.web.servlet.DispatcherServlet - Initializing Servlet 'dispatcherServlet'
2021-06-27 17:16:04.500 [http-nio-8001-exec-1] INFO  org.springframework.web.servlet.DispatcherServlet - Completed initialization in 10 ms
