2021-06-28 23:36:16.910 [main] INFO  com.glut.eduservice.EduApplication - Starting EduApplication on DESKTOP-2O9K8UE with PID 2180 (D:\project_IDEA\guli_parent\service\service_edu\target\classes started by 张鹏瑞 in D:\project_IDEA\guli_parent)
2021-06-28 23:36:16.989 [main] INFO  com.glut.eduservice.EduApplication - The following profiles are active: dev
2021-06-28 23:36:19.136 [main] INFO  o.s.d.r.config.RepositoryConfigurationDelegate - Multiple Spring Data modules found, entering strict repository configuration mode!
2021-06-28 23:36:19.141 [main] INFO  o.s.d.r.config.RepositoryConfigurationDelegate - Bootstrapping Spring Data repositories in DEFAULT mode.
2021-06-28 23:36:19.182 [main] INFO  o.s.d.r.config.RepositoryConfigurationDelegate - Finished Spring Data repository scanning in 15ms. Found 0 repository interfaces.
2021-06-28 23:36:19.637 [main] INFO  o.s.c.s.PostProcessorRegistrationDelegate$BeanPostProcessorChecker - Bean 'org.springframework.transaction.annotation.ProxyTransactionManagementConfiguration' of type [org.springframework.transaction.annotation.ProxyTransactionManagementConfiguration] is not eligible for getting processed by all BeanPostProcessors (for example: not eligible for auto-proxying)
2021-06-28 23:36:20.032 [main] INFO  o.s.boot.web.embedded.tomcat.TomcatWebServer - Tomcat initialized with port(s): 8001 (http)
2021-06-28 23:36:20.047 [main] INFO  org.apache.coyote.http11.Http11NioProtocol - Initializing ProtocolHandler ["http-nio-8001"]
2021-06-28 23:36:20.048 [main] INFO  org.apache.catalina.core.StandardService - Starting service [Tomcat]
2021-06-28 23:36:20.049 [main] INFO  org.apache.catalina.core.StandardEngine - Starting Servlet engine: [Apache Tomcat/9.0.27]
2021-06-28 23:36:20.258 [main] INFO  o.a.c.core.ContainerBase.[Tomcat].[localhost].[/] - Initializing Spring embedded WebApplicationContext
2021-06-28 23:36:20.258 [main] INFO  org.springframework.web.context.ContextLoader - Root WebApplicationContext: initialization completed in 3065 ms
2021-06-28 23:36:20.597 [main] INFO  com.zaxxer.hikari.HikariDataSource - HikariPool-1 - Starting...
2021-06-28 23:36:21.579 [main] INFO  com.zaxxer.hikari.HikariDataSource - HikariPool-1 - Start completed.
2021-06-28 23:36:22.366 [main] INFO  s.d.s.w.PropertySourcedRequestMappingHandlerMapping - Mapped URL path [/v2/api-docs] onto method [springfox.documentation.swagger2.web.Swagger2Controller#getDocumentation(String, HttpServletRequest)]
2021-06-28 23:36:22.537 [main] INFO  o.s.scheduling.concurrent.ThreadPoolTaskExecutor - Initializing ExecutorService 'applicationTaskExecutor'
2021-06-28 23:36:23.298 [main] INFO  s.d.s.web.plugins.DocumentationPluginsBootstrapper - Context refreshed
2021-06-28 23:36:23.325 [main] INFO  s.d.s.web.plugins.DocumentationPluginsBootstrapper - Found 1 custom documentation plugin(s)
2021-06-28 23:36:23.385 [main] INFO  s.d.spring.web.scanners.ApiListingReferenceScanner - Scanning for api listing references
2021-06-28 23:36:23.687 [main] INFO  org.apache.coyote.http11.Http11NioProtocol - Starting ProtocolHandler ["http-nio-8001"]
2021-06-28 23:36:23.718 [main] INFO  o.s.boot.web.embedded.tomcat.TomcatWebServer - Tomcat started on port(s): 8001 (http) with context path ''
2021-06-28 23:36:23.724 [main] INFO  com.glut.eduservice.EduApplication - Started EduApplication in 7.902 seconds (JVM running for 12.016)
2021-06-28 23:43:48.449 [http-nio-8001-exec-2] INFO  o.a.c.core.ContainerBase.[Tomcat].[localhost].[/] - Initializing Spring DispatcherServlet 'dispatcherServlet'
2021-06-28 23:43:48.449 [http-nio-8001-exec-2] INFO  org.springframework.web.servlet.DispatcherServlet - Initializing Servlet 'dispatcherServlet'
2021-06-28 23:43:48.461 [http-nio-8001-exec-2] INFO  org.springframework.web.servlet.DispatcherServlet - Completed initialization in 12 ms
2021-06-28 23:54:12.641 [main] INFO  com.glut.eduservice.EduApplication - Starting EduApplication on DESKTOP-2O9K8UE with PID 11252 (D:\project_IDEA\guli_parent\service\service_edu\target\classes started by 张鹏瑞 in D:\project_IDEA\guli_parent)
2021-06-28 23:54:12.649 [main] INFO  com.glut.eduservice.EduApplication - The following profiles are active: dev
2021-06-28 23:54:15.756 [main] INFO  o.s.d.r.config.RepositoryConfigurationDelegate - Multiple Spring Data modules found, entering strict repository configuration mode!
2021-06-28 23:54:15.760 [main] INFO  o.s.d.r.config.RepositoryConfigurationDelegate - Bootstrapping Spring Data repositories in DEFAULT mode.
2021-06-28 23:54:15.808 [main] INFO  o.s.d.r.config.RepositoryConfigurationDelegate - Finished Spring Data repository scanning in 19ms. Found 0 repository interfaces.
2021-06-28 23:54:16.572 [main] INFO  o.s.c.s.PostProcessorRegistrationDelegate$BeanPostProcessorChecker - Bean 'org.springframework.transaction.annotation.ProxyTransactionManagementConfiguration' of type [org.springframework.transaction.annotation.ProxyTransactionManagementConfiguration] is not eligible for getting processed by all BeanPostProcessors (for example: not eligible for auto-proxying)
2021-06-28 23:54:17.199 [main] INFO  o.s.boot.web.embedded.tomcat.TomcatWebServer - Tomcat initialized with port(s): 8001 (http)
2021-06-28 23:54:17.249 [main] INFO  org.apache.coyote.http11.Http11NioProtocol - Initializing ProtocolHandler ["http-nio-8001"]
2021-06-28 23:54:17.253 [main] INFO  org.apache.catalina.core.StandardService - Starting service [Tomcat]
2021-06-28 23:54:17.254 [main] INFO  org.apache.catalina.core.StandardEngine - Starting Servlet engine: [Apache Tomcat/9.0.27]
2021-06-28 23:54:17.668 [main] INFO  o.a.c.core.ContainerBase.[Tomcat].[localhost].[/] - Initializing Spring embedded WebApplicationContext
2021-06-28 23:54:17.668 [main] INFO  org.springframework.web.context.ContextLoader - Root WebApplicationContext: initialization completed in 4784 ms
2021-06-28 23:54:18.357 [main] INFO  com.zaxxer.hikari.HikariDataSource - HikariPool-1 - Starting...
2021-06-28 23:54:19.846 [main] INFO  com.zaxxer.hikari.HikariDataSource - HikariPool-1 - Start completed.
2021-06-28 23:54:21.120 [main] INFO  s.d.s.w.PropertySourcedRequestMappingHandlerMapping - Mapped URL path [/v2/api-docs] onto method [springfox.documentation.swagger2.web.Swagger2Controller#getDocumentation(String, HttpServletRequest)]
2021-06-28 23:54:21.403 [main] INFO  o.s.scheduling.concurrent.ThreadPoolTaskExecutor - Initializing ExecutorService 'applicationTaskExecutor'
2021-06-28 23:54:22.603 [main] INFO  s.d.s.web.plugins.DocumentationPluginsBootstrapper - Context refreshed
2021-06-28 23:54:22.640 [main] INFO  s.d.s.web.plugins.DocumentationPluginsBootstrapper - Found 1 custom documentation plugin(s)
2021-06-28 23:54:22.727 [main] INFO  s.d.spring.web.scanners.ApiListingReferenceScanner - Scanning for api listing references
2021-06-28 23:54:23.372 [main] INFO  org.apache.coyote.http11.Http11NioProtocol - Starting ProtocolHandler ["http-nio-8001"]
2021-06-28 23:54:23.488 [main] INFO  o.s.boot.web.embedded.tomcat.TomcatWebServer - Tomcat started on port(s): 8001 (http) with context path ''
2021-06-28 23:54:23.501 [main] INFO  com.glut.eduservice.EduApplication - Started EduApplication in 12.652 seconds (JVM running for 15.49)
2021-06-28 23:54:57.157 [http-nio-8001-exec-1] INFO  o.a.c.core.ContainerBase.[Tomcat].[localhost].[/] - Initializing Spring DispatcherServlet 'dispatcherServlet'
2021-06-28 23:54:57.157 [http-nio-8001-exec-1] INFO  org.springframework.web.servlet.DispatcherServlet - Initializing Servlet 'dispatcherServlet'
2021-06-28 23:54:57.171 [http-nio-8001-exec-1] INFO  org.springframework.web.servlet.DispatcherServlet - Completed initialization in 13 ms
